Spark Command: /Library/Java/JavaVirtualMachines/adoptopenjdk-8.jdk/Contents/Home/jre/bin/java -cp /Users/kinsho/workspace/spark-3.0.1/conf/:/Users/kinsho/workspace/spark-3.0.1/assembly/target/scala-2.12/jars/* -Xmx1g org.apache.spark.deploy.worker.Worker --webui-port 8090 spark://ST000000035:7077
========================================
Using Spark's default log4j profile: org/apache/spark/log4j-defaults.properties
21/02/02 22:31:40 INFO Worker: Started daemon with process name: 67278@ST000000035
21/02/02 22:31:40 INFO SignalUtils: Registered signal handler for TERM
21/02/02 22:31:40 INFO SignalUtils: Registered signal handler for HUP
21/02/02 22:31:40 INFO SignalUtils: Registered signal handler for INT
21/02/02 22:31:40 WARN NativeCodeLoader: Unable to load native-hadoop library for your platform... using builtin-java classes where applicable
21/02/02 22:31:40 INFO SecurityManager: Changing view acls to: kinsho
21/02/02 22:31:40 INFO SecurityManager: Changing modify acls to: kinsho
21/02/02 22:31:40 INFO SecurityManager: Changing view acls groups to: 
21/02/02 22:31:40 INFO SecurityManager: Changing modify acls groups to: 
21/02/02 22:31:40 INFO SecurityManager: SecurityManager: authentication disabled; ui acls disabled; users  with view permissions: Set(kinsho); groups with view permissions: Set(); users  with modify permissions: Set(kinsho); groups with modify permissions: Set()
21/02/02 22:31:40 INFO Utils: Successfully started service 'sparkWorker' on port 53784.
21/02/02 22:31:41 INFO Worker: Starting Spark worker 192.168.11.7:53784 with 2 cores, 1024.0 MiB RAM
21/02/02 22:31:41 INFO Worker: Running Spark version 3.0.1
21/02/02 22:31:41 INFO Worker: Spark home: /Users/kinsho/workspace/spark-3.0.1
21/02/02 22:31:41 INFO ResourceUtils: ==============================================================
21/02/02 22:31:41 INFO ResourceUtils: Resources for spark.worker:

21/02/02 22:31:41 INFO ResourceUtils: ==============================================================
21/02/02 22:31:41 WARN Utils: Service 'WorkerUI' could not bind on port 8090. Attempting port 8091.
21/02/02 22:31:41 INFO Utils: Successfully started service 'WorkerUI' on port 8091.
21/02/02 22:31:41 INFO WorkerWebUI: Bound WorkerWebUI to 0.0.0.0, and started at http://192.168.11.7:8091
21/02/02 22:31:41 INFO Worker: Connecting to master ST000000035:7077...
21/02/02 22:31:41 INFO TransportClientFactory: Successfully created connection to ST000000035/192.168.11.7:7077 after 23 ms (0 ms spent in bootstraps)
21/02/02 22:31:41 INFO Worker: Successfully registered with master spark://ST000000035:7077
21/02/03 01:02:37 INFO Worker: Asked to launch executor app-20210203010237-0000/0 for LogCalculation
21/02/03 01:02:37 INFO SecurityManager: Changing view acls to: kinsho
21/02/03 01:02:37 INFO SecurityManager: Changing modify acls to: kinsho
21/02/03 01:02:37 INFO SecurityManager: Changing view acls groups to: 
21/02/03 01:02:37 INFO SecurityManager: Changing modify acls groups to: 
21/02/03 01:02:37 INFO SecurityManager: SecurityManager: authentication disabled; ui acls disabled; users  with view permissions: Set(kinsho); groups with view permissions: Set(); users  with modify permissions: Set(kinsho); groups with modify permissions: Set()
21/02/03 01:02:38 INFO ExecutorRunner: Launch command: "/Library/Java/JavaVirtualMachines/adoptopenjdk-8.jdk/Contents/Home/jre/bin/java" "-cp" "/Users/kinsho/workspace/spark-3.0.1/conf/:/Users/kinsho/workspace/spark-3.0.1/assembly/target/scala-2.12/jars/*" "-Xmx1024M" "-Dspark.driver.port=58963" "org.apache.spark.executor.CoarseGrainedExecutorBackend" "--driver-url" "spark://CoarseGrainedScheduler@192.168.11.7:58963" "--executor-id" "0" "--hostname" "192.168.11.7" "--cores" "2" "--app-id" "app-20210203010237-0000" "--worker-url" "spark://Worker@192.168.11.7:53784"
21/02/03 01:04:18 INFO Worker: Asked to kill executor app-20210203010237-0000/0
21/02/03 01:04:18 INFO ExecutorRunner: Runner thread for executor app-20210203010237-0000/0 interrupted
21/02/03 01:04:18 INFO ExecutorRunner: Killing process!
21/02/03 01:04:19 INFO Worker: Executor app-20210203010237-0000/0 finished with state KILLED exitStatus 143
21/02/03 01:04:19 INFO ExternalShuffleBlockResolver: Clean up non-shuffle and non-RDD files associated with the finished executor 0
21/02/03 01:04:19 INFO ExternalShuffleBlockResolver: Executor is not registered (appId=app-20210203010237-0000, execId=0)
21/02/03 01:04:19 INFO Worker: Cleaning up local directories for application app-20210203010237-0000
21/02/03 01:04:19 INFO ExternalShuffleBlockResolver: Application app-20210203010237-0000 removed, cleanupLocalDirs = true
21/02/03 01:31:09 INFO Worker: Asked to launch executor app-20210203013109-0001/0 for LogCalculation
21/02/03 01:31:09 INFO SecurityManager: Changing view acls to: kinsho
21/02/03 01:31:09 INFO SecurityManager: Changing modify acls to: kinsho
21/02/03 01:31:09 INFO SecurityManager: Changing view acls groups to: 
21/02/03 01:31:09 INFO SecurityManager: Changing modify acls groups to: 
21/02/03 01:31:09 INFO SecurityManager: SecurityManager: authentication disabled; ui acls disabled; users  with view permissions: Set(kinsho); groups with view permissions: Set(); users  with modify permissions: Set(kinsho); groups with modify permissions: Set()
21/02/03 01:31:09 INFO ExecutorRunner: Launch command: "/Library/Java/JavaVirtualMachines/adoptopenjdk-8.jdk/Contents/Home/jre/bin/java" "-cp" "/Users/kinsho/workspace/spark-3.0.1/conf/:/Users/kinsho/workspace/spark-3.0.1/assembly/target/scala-2.12/jars/*" "-Xmx1024M" "-Dspark.driver.port=49804" "org.apache.spark.executor.CoarseGrainedExecutorBackend" "--driver-url" "spark://CoarseGrainedScheduler@192.168.11.7:49804" "--executor-id" "0" "--hostname" "192.168.11.7" "--cores" "2" "--app-id" "app-20210203013109-0001" "--worker-url" "spark://Worker@192.168.11.7:53784"
21/02/03 01:32:29 INFO Worker: Asked to kill executor app-20210203013109-0001/0
21/02/03 01:32:29 INFO ExecutorRunner: Runner thread for executor app-20210203013109-0001/0 interrupted
21/02/03 01:32:29 INFO ExecutorRunner: Killing process!
21/02/03 01:32:29 INFO Worker: Executor app-20210203013109-0001/0 finished with state KILLED exitStatus 143
21/02/03 01:32:29 INFO ExternalShuffleBlockResolver: Clean up non-shuffle and non-RDD files associated with the finished executor 0
21/02/03 01:32:29 INFO ExternalShuffleBlockResolver: Executor is not registered (appId=app-20210203013109-0001, execId=0)
21/02/03 01:32:29 INFO ExternalShuffleBlockResolver: Application app-20210203013109-0001 removed, cleanupLocalDirs = true
21/02/03 01:32:29 INFO Worker: Cleaning up local directories for application app-20210203013109-0001
21/02/03 09:20:23 ERROR Worker: RECEIVED SIGNAL TERM
21/02/03 09:20:23 INFO ShutdownHookManager: Shutdown hook called
21/02/03 09:20:23 INFO ShutdownHookManager: Deleting directory /private/var/folders/tm/7v5m6cg144g467bsj7zgsxgc0000gn/T/spark-32dbeb89-d7ab-40a5-9a4d-94cc04da0b12
