Spark Command: /Library/Java/JavaVirtualMachines/adoptopenjdk-8.jdk/Contents/Home/jre/bin/java -cp /Users/kinsho/workspace/spark-3.0.1/conf/:/Users/kinsho/workspace/spark-3.0.1/assembly/target/scala-2.12/jars/* -Xmx1g org.apache.spark.deploy.worker.Worker --webui-port 8083 spark://ST000000035:7077
========================================
Using Spark's default log4j profile: org/apache/spark/log4j-defaults.properties
21/02/02 22:31:22 INFO Worker: Started daemon with process name: 67101@ST000000035
21/02/02 22:31:22 INFO SignalUtils: Registered signal handler for TERM
21/02/02 22:31:22 INFO SignalUtils: Registered signal handler for HUP
21/02/02 22:31:22 INFO SignalUtils: Registered signal handler for INT
21/02/02 22:31:22 WARN NativeCodeLoader: Unable to load native-hadoop library for your platform... using builtin-java classes where applicable
21/02/02 22:31:22 INFO SecurityManager: Changing view acls to: kinsho
21/02/02 22:31:22 INFO SecurityManager: Changing modify acls to: kinsho
21/02/02 22:31:22 INFO SecurityManager: Changing view acls groups to: 
21/02/02 22:31:22 INFO SecurityManager: Changing modify acls groups to: 
21/02/02 22:31:22 INFO SecurityManager: SecurityManager: authentication disabled; ui acls disabled; users  with view permissions: Set(kinsho); groups with view permissions: Set(); users  with modify permissions: Set(kinsho); groups with modify permissions: Set()
21/02/02 22:31:22 INFO Utils: Successfully started service 'sparkWorker' on port 53697.
21/02/02 22:31:22 INFO Worker: Starting Spark worker 192.168.11.7:53697 with 2 cores, 1024.0 MiB RAM
21/02/02 22:31:22 INFO Worker: Running Spark version 3.0.1
21/02/02 22:31:22 INFO Worker: Spark home: /Users/kinsho/workspace/spark-3.0.1
21/02/02 22:31:22 INFO ResourceUtils: ==============================================================
21/02/02 22:31:22 INFO ResourceUtils: Resources for spark.worker:

21/02/02 22:31:22 INFO ResourceUtils: ==============================================================
21/02/02 22:31:23 WARN Utils: Service 'WorkerUI' could not bind on port 8083. Attempting port 8084.
21/02/02 22:31:23 INFO Utils: Successfully started service 'WorkerUI' on port 8084.
21/02/02 22:31:23 INFO WorkerWebUI: Bound WorkerWebUI to 0.0.0.0, and started at http://192.168.11.7:8084
21/02/02 22:31:23 INFO Worker: Connecting to master ST000000035:7077...
21/02/02 22:31:23 INFO TransportClientFactory: Successfully created connection to ST000000035/192.168.11.7:7077 after 26 ms (0 ms spent in bootstraps)
21/02/02 22:31:23 INFO Worker: Successfully registered with master spark://ST000000035:7077
21/02/03 01:02:37 INFO Worker: Asked to launch executor app-20210203010237-0000/6 for LogCalculation
21/02/03 01:02:37 INFO SecurityManager: Changing view acls to: kinsho
21/02/03 01:02:37 INFO SecurityManager: Changing modify acls to: kinsho
21/02/03 01:02:37 INFO SecurityManager: Changing view acls groups to: 
21/02/03 01:02:37 INFO SecurityManager: Changing modify acls groups to: 
21/02/03 01:02:37 INFO SecurityManager: SecurityManager: authentication disabled; ui acls disabled; users  with view permissions: Set(kinsho); groups with view permissions: Set(); users  with modify permissions: Set(kinsho); groups with modify permissions: Set()
21/02/03 01:02:38 INFO ExecutorRunner: Launch command: "/Library/Java/JavaVirtualMachines/adoptopenjdk-8.jdk/Contents/Home/jre/bin/java" "-cp" "/Users/kinsho/workspace/spark-3.0.1/conf/:/Users/kinsho/workspace/spark-3.0.1/assembly/target/scala-2.12/jars/*" "-Xmx1024M" "-Dspark.driver.port=58963" "org.apache.spark.executor.CoarseGrainedExecutorBackend" "--driver-url" "spark://CoarseGrainedScheduler@192.168.11.7:58963" "--executor-id" "6" "--hostname" "192.168.11.7" "--cores" "2" "--app-id" "app-20210203010237-0000" "--worker-url" "spark://Worker@192.168.11.7:53697"
21/02/03 01:04:18 INFO Worker: Asked to kill executor app-20210203010237-0000/6
21/02/03 01:04:18 INFO ExecutorRunner: Runner thread for executor app-20210203010237-0000/6 interrupted
21/02/03 01:04:18 INFO ExecutorRunner: Killing process!
21/02/03 01:04:19 INFO Worker: Executor app-20210203010237-0000/6 finished with state KILLED exitStatus 143
21/02/03 01:04:19 INFO ExternalShuffleBlockResolver: Clean up non-shuffle and non-RDD files associated with the finished executor 6
21/02/03 01:04:19 INFO ExternalShuffleBlockResolver: Executor is not registered (appId=app-20210203010237-0000, execId=6)
21/02/03 01:04:19 INFO Worker: Cleaning up local directories for application app-20210203010237-0000
21/02/03 01:04:19 INFO ExternalShuffleBlockResolver: Application app-20210203010237-0000 removed, cleanupLocalDirs = true
21/02/03 01:31:09 INFO Worker: Asked to launch executor app-20210203013109-0001/6 for LogCalculation
21/02/03 01:31:09 INFO SecurityManager: Changing view acls to: kinsho
21/02/03 01:31:09 INFO SecurityManager: Changing modify acls to: kinsho
21/02/03 01:31:09 INFO SecurityManager: Changing view acls groups to: 
21/02/03 01:31:09 INFO SecurityManager: Changing modify acls groups to: 
21/02/03 01:31:09 INFO SecurityManager: SecurityManager: authentication disabled; ui acls disabled; users  with view permissions: Set(kinsho); groups with view permissions: Set(); users  with modify permissions: Set(kinsho); groups with modify permissions: Set()
21/02/03 01:31:09 INFO ExecutorRunner: Launch command: "/Library/Java/JavaVirtualMachines/adoptopenjdk-8.jdk/Contents/Home/jre/bin/java" "-cp" "/Users/kinsho/workspace/spark-3.0.1/conf/:/Users/kinsho/workspace/spark-3.0.1/assembly/target/scala-2.12/jars/*" "-Xmx1024M" "-Dspark.driver.port=49804" "org.apache.spark.executor.CoarseGrainedExecutorBackend" "--driver-url" "spark://CoarseGrainedScheduler@192.168.11.7:49804" "--executor-id" "6" "--hostname" "192.168.11.7" "--cores" "2" "--app-id" "app-20210203013109-0001" "--worker-url" "spark://Worker@192.168.11.7:53697"
21/02/03 01:32:29 INFO Worker: Asked to kill executor app-20210203013109-0001/6
21/02/03 01:32:29 INFO ExecutorRunner: Runner thread for executor app-20210203013109-0001/6 interrupted
21/02/03 01:32:29 INFO ExecutorRunner: Killing process!
21/02/03 01:32:29 INFO Worker: Executor app-20210203013109-0001/6 finished with state KILLED exitStatus 143
21/02/03 01:32:29 INFO ExternalShuffleBlockResolver: Clean up non-shuffle and non-RDD files associated with the finished executor 6
21/02/03 01:32:29 INFO ExternalShuffleBlockResolver: Executor is not registered (appId=app-20210203013109-0001, execId=6)
21/02/03 01:32:29 INFO Worker: Cleaning up local directories for application app-20210203013109-0001
21/02/03 01:32:29 INFO ExternalShuffleBlockResolver: Application app-20210203013109-0001 removed, cleanupLocalDirs = true
21/02/03 03:51:00 INFO Worker: Master with url spark://ST000000035:7077 requested this worker to reconnect.
21/02/03 03:51:00 INFO Worker: Master with url spark://ST000000035:7077 requested this worker to reconnect.
21/02/03 03:51:00 INFO Worker: Connecting to master ST000000035:7077...
21/02/03 03:51:00 INFO Worker: Not spawning another attempt to register with the master, since there is an attempt scheduled already.
21/02/03 03:51:00 INFO Worker: Master with url spark://ST000000035:7077 requested this worker to reconnect.
21/02/03 03:51:00 INFO Worker: Not spawning another attempt to register with the master, since there is an attempt scheduled already.
21/02/03 03:51:00 INFO Worker: Master with url spark://ST000000035:7077 requested this worker to reconnect.
21/02/03 03:51:00 INFO Worker: Not spawning another attempt to register with the master, since there is an attempt scheduled already.
21/02/03 03:51:00 INFO Worker: Master with url spark://ST000000035:7077 requested this worker to reconnect.
21/02/03 03:51:00 INFO Worker: Not spawning another attempt to register with the master, since there is an attempt scheduled already.
21/02/03 03:51:00 INFO Worker: Master with url spark://ST000000035:7077 requested this worker to reconnect.
21/02/03 03:51:00 INFO Worker: Not spawning another attempt to register with the master, since there is an attempt scheduled already.
21/02/03 03:51:00 INFO Worker: Master with url spark://ST000000035:7077 requested this worker to reconnect.
21/02/03 03:51:00 INFO Worker: Not spawning another attempt to register with the master, since there is an attempt scheduled already.
21/02/03 03:51:00 INFO Worker: Master with url spark://ST000000035:7077 requested this worker to reconnect.
21/02/03 03:51:00 INFO Worker: Not spawning another attempt to register with the master, since there is an attempt scheduled already.
21/02/03 03:51:00 INFO Worker: Master with url spark://ST000000035:7077 requested this worker to reconnect.
21/02/03 03:51:00 INFO Worker: Not spawning another attempt to register with the master, since there is an attempt scheduled already.
21/02/03 03:51:00 INFO Worker: Successfully registered with master spark://ST000000035:7077
21/02/03 08:15:10 INFO Worker: Master with url spark://ST000000035:7077 requested this worker to reconnect.
21/02/03 08:15:10 INFO Worker: Master with url spark://ST000000035:7077 requested this worker to reconnect.
21/02/03 08:15:10 INFO Worker: Connecting to master ST000000035:7077...
21/02/03 08:15:10 INFO Worker: Not spawning another attempt to register with the master, since there is an attempt scheduled already.
21/02/03 08:15:10 INFO Worker: Master with url spark://ST000000035:7077 requested this worker to reconnect.
21/02/03 08:15:10 INFO Worker: Not spawning another attempt to register with the master, since there is an attempt scheduled already.
21/02/03 08:15:10 INFO Worker: Master with url spark://ST000000035:7077 requested this worker to reconnect.
21/02/03 08:15:10 INFO Worker: Not spawning another attempt to register with the master, since there is an attempt scheduled already.
21/02/03 08:15:10 INFO Worker: Master with url spark://ST000000035:7077 requested this worker to reconnect.
21/02/03 08:15:10 INFO Worker: Not spawning another attempt to register with the master, since there is an attempt scheduled already.
21/02/03 08:15:10 INFO Worker: Master with url spark://ST000000035:7077 requested this worker to reconnect.
21/02/03 08:15:10 INFO Worker: Not spawning another attempt to register with the master, since there is an attempt scheduled already.
21/02/03 08:15:10 INFO Worker: Master with url spark://ST000000035:7077 requested this worker to reconnect.
21/02/03 08:15:10 INFO Worker: Not spawning another attempt to register with the master, since there is an attempt scheduled already.
21/02/03 08:15:10 INFO Worker: Successfully registered with master spark://ST000000035:7077
21/02/03 09:18:03 WARN TransportChannelHandler: Exception in connection from ST000000035/192.168.11.7:7077
java.io.IOException: Operation timed out
	at sun.nio.ch.FileDispatcherImpl.read0(Native Method)
	at sun.nio.ch.SocketDispatcher.read(SocketDispatcher.java:39)
	at sun.nio.ch.IOUtil.readIntoNativeBuffer(IOUtil.java:223)
	at sun.nio.ch.IOUtil.read(IOUtil.java:192)
	at sun.nio.ch.SocketChannelImpl.read(SocketChannelImpl.java:380)
	at io.netty.buffer.PooledByteBuf.setBytes(PooledByteBuf.java:253)
	at io.netty.buffer.AbstractByteBuf.writeBytes(AbstractByteBuf.java:1133)
	at io.netty.channel.socket.nio.NioSocketChannel.doReadBytes(NioSocketChannel.java:350)
	at io.netty.channel.nio.AbstractNioByteChannel$NioByteUnsafe.read(AbstractNioByteChannel.java:148)
	at io.netty.channel.nio.NioEventLoop.processSelectedKey(NioEventLoop.java:714)
	at io.netty.channel.nio.NioEventLoop.processSelectedKeysOptimized(NioEventLoop.java:650)
	at io.netty.channel.nio.NioEventLoop.processSelectedKeys(NioEventLoop.java:576)
	at io.netty.channel.nio.NioEventLoop.run(NioEventLoop.java:493)
	at io.netty.util.concurrent.SingleThreadEventExecutor$4.run(SingleThreadEventExecutor.java:989)
	at io.netty.util.internal.ThreadExecutorMap$2.run(ThreadExecutorMap.java:74)
	at io.netty.util.concurrent.FastThreadLocalRunnable.run(FastThreadLocalRunnable.java:30)
	at java.lang.Thread.run(Thread.java:748)
21/02/03 09:18:03 INFO Worker: ST000000035:7077 Disassociated !
21/02/03 09:18:03 ERROR Worker: Connection to master failed! Waiting for master to reconnect...
21/02/03 09:18:03 INFO Worker: Connecting to master ST000000035:7077...
21/02/03 09:18:03 INFO Worker: ST000000035:7077 Disassociated !
21/02/03 09:18:03 ERROR Worker: Connection to master failed! Waiting for master to reconnect...
21/02/03 09:18:03 INFO Worker: Not spawning another attempt to register with the master, since there is an attempt scheduled already.
21/02/03 09:18:03 INFO TransportClientFactory: Found inactive connection to ST000000035/fe80:0:0:0:aede:48ff:fe00:1122%4:7077, creating a new one.
21/02/03 09:18:03 WARN Worker: Failed to connect to master ST000000035:7077
org.apache.spark.SparkException: Exception thrown in awaitResult: 
	at org.apache.spark.util.ThreadUtils$.awaitResult(ThreadUtils.scala:302)
	at org.apache.spark.rpc.RpcTimeout.awaitResult(RpcTimeout.scala:75)
	at org.apache.spark.rpc.RpcEnv.setupEndpointRefByURI(RpcEnv.scala:101)
	at org.apache.spark.rpc.RpcEnv.setupEndpointRef(RpcEnv.scala:109)
	at org.apache.spark.deploy.worker.Worker$$anon$1.run(Worker.scala:277)
	at java.util.concurrent.Executors$RunnableAdapter.call(Executors.java:511)
	at java.util.concurrent.FutureTask.run(FutureTask.java:266)
	at java.util.concurrent.ThreadPoolExecutor.runWorker(ThreadPoolExecutor.java:1149)
	at java.util.concurrent.ThreadPoolExecutor$Worker.run(ThreadPoolExecutor.java:624)
	at java.lang.Thread.run(Thread.java:748)
Caused by: java.io.IOException: Failed to connect to ST000000035/fe80:0:0:0:aede:48ff:fe00:1122%4:7077
	at org.apache.spark.network.client.TransportClientFactory.createClient(TransportClientFactory.java:253)
	at org.apache.spark.network.client.TransportClientFactory.createClient(TransportClientFactory.java:195)
	at org.apache.spark.rpc.netty.NettyRpcEnv.createClient(NettyRpcEnv.scala:204)
	at org.apache.spark.rpc.netty.Outbox$$anon$1.call(Outbox.scala:202)
	at org.apache.spark.rpc.netty.Outbox$$anon$1.call(Outbox.scala:198)
	... 4 more
Caused by: io.netty.channel.AbstractChannel$AnnotatedNoRouteToHostException: No route to host: ST000000035/fe80:0:0:0:aede:48ff:fe00:1122%4:7077
Caused by: java.net.NoRouteToHostException: No route to host
	at sun.nio.ch.Net.connect0(Native Method)
	at sun.nio.ch.Net.connect(Net.java:454)
	at sun.nio.ch.Net.connect(Net.java:446)
	at sun.nio.ch.SocketChannelImpl.connect(SocketChannelImpl.java:648)
	at io.netty.util.internal.SocketUtils$3.run(SocketUtils.java:91)
	at io.netty.util.internal.SocketUtils$3.run(SocketUtils.java:88)
	at java.security.AccessController.doPrivileged(Native Method)
	at io.netty.util.internal.SocketUtils.connect(SocketUtils.java:88)
	at io.netty.channel.socket.nio.NioSocketChannel.doConnect(NioSocketChannel.java:315)
	at io.netty.channel.nio.AbstractNioChannel$AbstractNioUnsafe.connect(AbstractNioChannel.java:248)
	at io.netty.channel.DefaultChannelPipeline$HeadContext.connect(DefaultChannelPipeline.java:1342)
	at io.netty.channel.AbstractChannelHandlerContext.invokeConnect(AbstractChannelHandlerContext.java:548)
	at io.netty.channel.AbstractChannelHandlerContext.connect(AbstractChannelHandlerContext.java:533)
	at io.netty.channel.AbstractChannelHandlerContext.connect(AbstractChannelHandlerContext.java:517)
	at io.netty.channel.DefaultChannelPipeline.connect(DefaultChannelPipeline.java:978)
	at io.netty.channel.AbstractChannel.connect(AbstractChannel.java:253)
	at io.netty.bootstrap.Bootstrap$3.run(Bootstrap.java:244)
	at io.netty.util.concurrent.AbstractEventExecutor.safeExecute(AbstractEventExecutor.java:164)
	at io.netty.util.concurrent.SingleThreadEventExecutor.runAllTasks(SingleThreadEventExecutor.java:472)
	at io.netty.channel.nio.NioEventLoop.run(NioEventLoop.java:500)
	at io.netty.util.concurrent.SingleThreadEventExecutor$4.run(SingleThreadEventExecutor.java:989)
	at io.netty.util.internal.ThreadExecutorMap$2.run(ThreadExecutorMap.java:74)
	at io.netty.util.concurrent.FastThreadLocalRunnable.run(FastThreadLocalRunnable.java:30)
	at java.lang.Thread.run(Thread.java:748)
21/02/03 09:18:11 INFO Worker: Retrying connection to master (attempt # 1)
21/02/03 09:18:11 INFO Worker: Connecting to master ST000000035:7077...
21/02/03 09:18:11 INFO TransportClientFactory: Found inactive connection to ST000000035/fe80:0:0:0:aede:48ff:fe00:1122%4:7077, creating a new one.
21/02/03 09:18:11 WARN Worker: Failed to connect to master ST000000035:7077
org.apache.spark.SparkException: Exception thrown in awaitResult: 
	at org.apache.spark.util.ThreadUtils$.awaitResult(ThreadUtils.scala:302)
	at org.apache.spark.rpc.RpcTimeout.awaitResult(RpcTimeout.scala:75)
	at org.apache.spark.rpc.RpcEnv.setupEndpointRefByURI(RpcEnv.scala:101)
	at org.apache.spark.rpc.RpcEnv.setupEndpointRef(RpcEnv.scala:109)
	at org.apache.spark.deploy.worker.Worker$$anon$2.run(Worker.scala:334)
	at java.util.concurrent.Executors$RunnableAdapter.call(Executors.java:511)
	at java.util.concurrent.FutureTask.run(FutureTask.java:266)
	at java.util.concurrent.ThreadPoolExecutor.runWorker(ThreadPoolExecutor.java:1149)
	at java.util.concurrent.ThreadPoolExecutor$Worker.run(ThreadPoolExecutor.java:624)
	at java.lang.Thread.run(Thread.java:748)
Caused by: java.io.IOException: Failed to connect to ST000000035/fe80:0:0:0:aede:48ff:fe00:1122%4:7077
	at org.apache.spark.network.client.TransportClientFactory.createClient(TransportClientFactory.java:253)
	at org.apache.spark.network.client.TransportClientFactory.createClient(TransportClientFactory.java:195)
	at org.apache.spark.rpc.netty.NettyRpcEnv.createClient(NettyRpcEnv.scala:204)
	at org.apache.spark.rpc.netty.Outbox$$anon$1.call(Outbox.scala:202)
	at org.apache.spark.rpc.netty.Outbox$$anon$1.call(Outbox.scala:198)
	... 4 more
Caused by: io.netty.channel.AbstractChannel$AnnotatedNoRouteToHostException: No route to host: ST000000035/fe80:0:0:0:aede:48ff:fe00:1122%4:7077
Caused by: java.net.NoRouteToHostException: No route to host
	at sun.nio.ch.Net.connect0(Native Method)
	at sun.nio.ch.Net.connect(Net.java:454)
	at sun.nio.ch.Net.connect(Net.java:446)
	at sun.nio.ch.SocketChannelImpl.connect(SocketChannelImpl.java:648)
	at io.netty.util.internal.SocketUtils$3.run(SocketUtils.java:91)
	at io.netty.util.internal.SocketUtils$3.run(SocketUtils.java:88)
	at java.security.AccessController.doPrivileged(Native Method)
	at io.netty.util.internal.SocketUtils.connect(SocketUtils.java:88)
	at io.netty.channel.socket.nio.NioSocketChannel.doConnect(NioSocketChannel.java:315)
	at io.netty.channel.nio.AbstractNioChannel$AbstractNioUnsafe.connect(AbstractNioChannel.java:248)
	at io.netty.channel.DefaultChannelPipeline$HeadContext.connect(DefaultChannelPipeline.java:1342)
	at io.netty.channel.AbstractChannelHandlerContext.invokeConnect(AbstractChannelHandlerContext.java:548)
	at io.netty.channel.AbstractChannelHandlerContext.connect(AbstractChannelHandlerContext.java:533)
	at io.netty.channel.AbstractChannelHandlerContext.connect(AbstractChannelHandlerContext.java:517)
	at io.netty.channel.DefaultChannelPipeline.connect(DefaultChannelPipeline.java:978)
	at io.netty.channel.AbstractChannel.connect(AbstractChannel.java:253)
	at io.netty.bootstrap.Bootstrap$3.run(Bootstrap.java:244)
	at io.netty.util.concurrent.AbstractEventExecutor.safeExecute(AbstractEventExecutor.java:164)
	at io.netty.util.concurrent.SingleThreadEventExecutor.runAllTasks(SingleThreadEventExecutor.java:472)
	at io.netty.channel.nio.NioEventLoop.run(NioEventLoop.java:500)
	at io.netty.util.concurrent.SingleThreadEventExecutor$4.run(SingleThreadEventExecutor.java:989)
	at io.netty.util.internal.ThreadExecutorMap$2.run(ThreadExecutorMap.java:74)
	at io.netty.util.concurrent.FastThreadLocalRunnable.run(FastThreadLocalRunnable.java:30)
	at java.lang.Thread.run(Thread.java:748)
21/02/03 09:18:17 INFO Worker: Retrying connection to master (attempt # 2)
21/02/03 09:18:17 INFO Worker: Connecting to master ST000000035:7077...
21/02/03 09:18:17 INFO TransportClientFactory: Found inactive connection to ST000000035/fe80:0:0:0:aede:48ff:fe00:1122%4:7077, creating a new one.
21/02/03 09:18:17 WARN Worker: Failed to connect to master ST000000035:7077
org.apache.spark.SparkException: Exception thrown in awaitResult: 
	at org.apache.spark.util.ThreadUtils$.awaitResult(ThreadUtils.scala:302)
	at org.apache.spark.rpc.RpcTimeout.awaitResult(RpcTimeout.scala:75)
	at org.apache.spark.rpc.RpcEnv.setupEndpointRefByURI(RpcEnv.scala:101)
	at org.apache.spark.rpc.RpcEnv.setupEndpointRef(RpcEnv.scala:109)
	at org.apache.spark.deploy.worker.Worker$$anon$2.run(Worker.scala:334)
	at java.util.concurrent.Executors$RunnableAdapter.call(Executors.java:511)
	at java.util.concurrent.FutureTask.run(FutureTask.java:266)
	at java.util.concurrent.ThreadPoolExecutor.runWorker(ThreadPoolExecutor.java:1149)
	at java.util.concurrent.ThreadPoolExecutor$Worker.run(ThreadPoolExecutor.java:624)
	at java.lang.Thread.run(Thread.java:748)
Caused by: java.io.IOException: Failed to connect to ST000000035/fe80:0:0:0:aede:48ff:fe00:1122%4:7077
	at org.apache.spark.network.client.TransportClientFactory.createClient(TransportClientFactory.java:253)
	at org.apache.spark.network.client.TransportClientFactory.createClient(TransportClientFactory.java:195)
	at org.apache.spark.rpc.netty.NettyRpcEnv.createClient(NettyRpcEnv.scala:204)
	at org.apache.spark.rpc.netty.Outbox$$anon$1.call(Outbox.scala:202)
	at org.apache.spark.rpc.netty.Outbox$$anon$1.call(Outbox.scala:198)
	... 4 more
Caused by: io.netty.channel.AbstractChannel$AnnotatedNoRouteToHostException: No route to host: ST000000035/fe80:0:0:0:aede:48ff:fe00:1122%4:7077
Caused by: java.net.NoRouteToHostException: No route to host
	at sun.nio.ch.Net.connect0(Native Method)
	at sun.nio.ch.Net.connect(Net.java:454)
	at sun.nio.ch.Net.connect(Net.java:446)
	at sun.nio.ch.SocketChannelImpl.connect(SocketChannelImpl.java:648)
	at io.netty.util.internal.SocketUtils$3.run(SocketUtils.java:91)
	at io.netty.util.internal.SocketUtils$3.run(SocketUtils.java:88)
	at java.security.AccessController.doPrivileged(Native Method)
	at io.netty.util.internal.SocketUtils.connect(SocketUtils.java:88)
	at io.netty.channel.socket.nio.NioSocketChannel.doConnect(NioSocketChannel.java:315)
	at io.netty.channel.nio.AbstractNioChannel$AbstractNioUnsafe.connect(AbstractNioChannel.java:248)
	at io.netty.channel.DefaultChannelPipeline$HeadContext.connect(DefaultChannelPipeline.java:1342)
	at io.netty.channel.AbstractChannelHandlerContext.invokeConnect(AbstractChannelHandlerContext.java:548)
	at io.netty.channel.AbstractChannelHandlerContext.connect(AbstractChannelHandlerContext.java:533)
	at io.netty.channel.AbstractChannelHandlerContext.connect(AbstractChannelHandlerContext.java:517)
	at io.netty.channel.DefaultChannelPipeline.connect(DefaultChannelPipeline.java:978)
	at io.netty.channel.AbstractChannel.connect(AbstractChannel.java:253)
	at io.netty.bootstrap.Bootstrap$3.run(Bootstrap.java:244)
	at io.netty.util.concurrent.AbstractEventExecutor.safeExecute(AbstractEventExecutor.java:164)
	at io.netty.util.concurrent.SingleThreadEventExecutor.runAllTasks(SingleThreadEventExecutor.java:472)
	at io.netty.channel.nio.NioEventLoop.run(NioEventLoop.java:500)
	at io.netty.util.concurrent.SingleThreadEventExecutor$4.run(SingleThreadEventExecutor.java:989)
	at io.netty.util.internal.ThreadExecutorMap$2.run(ThreadExecutorMap.java:74)
	at io.netty.util.concurrent.FastThreadLocalRunnable.run(FastThreadLocalRunnable.java:30)
	at java.lang.Thread.run(Thread.java:748)
21/02/03 09:18:24 INFO Worker: Retrying connection to master (attempt # 3)
21/02/03 09:18:24 INFO Worker: Connecting to master ST000000035:7077...
21/02/03 09:18:24 INFO TransportClientFactory: Found inactive connection to ST000000035/fe80:0:0:0:aede:48ff:fe00:1122%4:7077, creating a new one.
21/02/03 09:18:24 WARN Worker: Failed to connect to master ST000000035:7077
org.apache.spark.SparkException: Exception thrown in awaitResult: 
	at org.apache.spark.util.ThreadUtils$.awaitResult(ThreadUtils.scala:302)
	at org.apache.spark.rpc.RpcTimeout.awaitResult(RpcTimeout.scala:75)
	at org.apache.spark.rpc.RpcEnv.setupEndpointRefByURI(RpcEnv.scala:101)
	at org.apache.spark.rpc.RpcEnv.setupEndpointRef(RpcEnv.scala:109)
	at org.apache.spark.deploy.worker.Worker$$anon$2.run(Worker.scala:334)
	at java.util.concurrent.Executors$RunnableAdapter.call(Executors.java:511)
	at java.util.concurrent.FutureTask.run(FutureTask.java:266)
	at java.util.concurrent.ThreadPoolExecutor.runWorker(ThreadPoolExecutor.java:1149)
	at java.util.concurrent.ThreadPoolExecutor$Worker.run(ThreadPoolExecutor.java:624)
	at java.lang.Thread.run(Thread.java:748)
Caused by: java.io.IOException: Failed to connect to ST000000035/fe80:0:0:0:aede:48ff:fe00:1122%4:7077
	at org.apache.spark.network.client.TransportClientFactory.createClient(TransportClientFactory.java:253)
	at org.apache.spark.network.client.TransportClientFactory.createClient(TransportClientFactory.java:195)
	at org.apache.spark.rpc.netty.NettyRpcEnv.createClient(NettyRpcEnv.scala:204)
	at org.apache.spark.rpc.netty.Outbox$$anon$1.call(Outbox.scala:202)
	at org.apache.spark.rpc.netty.Outbox$$anon$1.call(Outbox.scala:198)
	... 4 more
Caused by: io.netty.channel.AbstractChannel$AnnotatedNoRouteToHostException: No route to host: ST000000035/fe80:0:0:0:aede:48ff:fe00:1122%4:7077
Caused by: java.net.NoRouteToHostException: No route to host
	at sun.nio.ch.Net.connect0(Native Method)
	at sun.nio.ch.Net.connect(Net.java:454)
	at sun.nio.ch.Net.connect(Net.java:446)
	at sun.nio.ch.SocketChannelImpl.connect(SocketChannelImpl.java:648)
	at io.netty.util.internal.SocketUtils$3.run(SocketUtils.java:91)
	at io.netty.util.internal.SocketUtils$3.run(SocketUtils.java:88)
	at java.security.AccessController.doPrivileged(Native Method)
	at io.netty.util.internal.SocketUtils.connect(SocketUtils.java:88)
	at io.netty.channel.socket.nio.NioSocketChannel.doConnect(NioSocketChannel.java:315)
	at io.netty.channel.nio.AbstractNioChannel$AbstractNioUnsafe.connect(AbstractNioChannel.java:248)
	at io.netty.channel.DefaultChannelPipeline$HeadContext.connect(DefaultChannelPipeline.java:1342)
	at io.netty.channel.AbstractChannelHandlerContext.invokeConnect(AbstractChannelHandlerContext.java:548)
	at io.netty.channel.AbstractChannelHandlerContext.connect(AbstractChannelHandlerContext.java:533)
	at io.netty.channel.AbstractChannelHandlerContext.connect(AbstractChannelHandlerContext.java:517)
	at io.netty.channel.DefaultChannelPipeline.connect(DefaultChannelPipeline.java:978)
	at io.netty.channel.AbstractChannel.connect(AbstractChannel.java:253)
	at io.netty.bootstrap.Bootstrap$3.run(Bootstrap.java:244)
	at io.netty.util.concurrent.AbstractEventExecutor.safeExecute(AbstractEventExecutor.java:164)
	at io.netty.util.concurrent.SingleThreadEventExecutor.runAllTasks(SingleThreadEventExecutor.java:472)
	at io.netty.channel.nio.NioEventLoop.run(NioEventLoop.java:500)
	at io.netty.util.concurrent.SingleThreadEventExecutor$4.run(SingleThreadEventExecutor.java:989)
	at io.netty.util.internal.ThreadExecutorMap$2.run(ThreadExecutorMap.java:74)
	at io.netty.util.concurrent.FastThreadLocalRunnable.run(FastThreadLocalRunnable.java:30)
	at java.lang.Thread.run(Thread.java:748)
21/02/03 09:18:31 INFO Worker: Retrying connection to master (attempt # 4)
21/02/03 09:18:31 INFO Worker: Connecting to master ST000000035:7077...
21/02/03 09:18:31 INFO TransportClientFactory: Found inactive connection to ST000000035/fe80:0:0:0:aede:48ff:fe00:1122%4:7077, creating a new one.
21/02/03 09:18:31 WARN Worker: Failed to connect to master ST000000035:7077
org.apache.spark.SparkException: Exception thrown in awaitResult: 
	at org.apache.spark.util.ThreadUtils$.awaitResult(ThreadUtils.scala:302)
	at org.apache.spark.rpc.RpcTimeout.awaitResult(RpcTimeout.scala:75)
	at org.apache.spark.rpc.RpcEnv.setupEndpointRefByURI(RpcEnv.scala:101)
	at org.apache.spark.rpc.RpcEnv.setupEndpointRef(RpcEnv.scala:109)
	at org.apache.spark.deploy.worker.Worker$$anon$2.run(Worker.scala:334)
	at java.util.concurrent.Executors$RunnableAdapter.call(Executors.java:511)
	at java.util.concurrent.FutureTask.run(FutureTask.java:266)
	at java.util.concurrent.ThreadPoolExecutor.runWorker(ThreadPoolExecutor.java:1149)
	at java.util.concurrent.ThreadPoolExecutor$Worker.run(ThreadPoolExecutor.java:624)
	at java.lang.Thread.run(Thread.java:748)
Caused by: java.io.IOException: Failed to connect to ST000000035/fe80:0:0:0:aede:48ff:fe00:1122%4:7077
	at org.apache.spark.network.client.TransportClientFactory.createClient(TransportClientFactory.java:253)
	at org.apache.spark.network.client.TransportClientFactory.createClient(TransportClientFactory.java:195)
	at org.apache.spark.rpc.netty.NettyRpcEnv.createClient(NettyRpcEnv.scala:204)
	at org.apache.spark.rpc.netty.Outbox$$anon$1.call(Outbox.scala:202)
	at org.apache.spark.rpc.netty.Outbox$$anon$1.call(Outbox.scala:198)
	... 4 more
Caused by: io.netty.channel.AbstractChannel$AnnotatedNoRouteToHostException: No route to host: ST000000035/fe80:0:0:0:aede:48ff:fe00:1122%4:7077
Caused by: java.net.NoRouteToHostException: No route to host
	at sun.nio.ch.Net.connect0(Native Method)
	at sun.nio.ch.Net.connect(Net.java:454)
	at sun.nio.ch.Net.connect(Net.java:446)
	at sun.nio.ch.SocketChannelImpl.connect(SocketChannelImpl.java:648)
	at io.netty.util.internal.SocketUtils$3.run(SocketUtils.java:91)
	at io.netty.util.internal.SocketUtils$3.run(SocketUtils.java:88)
	at java.security.AccessController.doPrivileged(Native Method)
	at io.netty.util.internal.SocketUtils.connect(SocketUtils.java:88)
	at io.netty.channel.socket.nio.NioSocketChannel.doConnect(NioSocketChannel.java:315)
	at io.netty.channel.nio.AbstractNioChannel$AbstractNioUnsafe.connect(AbstractNioChannel.java:248)
	at io.netty.channel.DefaultChannelPipeline$HeadContext.connect(DefaultChannelPipeline.java:1342)
	at io.netty.channel.AbstractChannelHandlerContext.invokeConnect(AbstractChannelHandlerContext.java:548)
	at io.netty.channel.AbstractChannelHandlerContext.connect(AbstractChannelHandlerContext.java:533)
	at io.netty.channel.AbstractChannelHandlerContext.connect(AbstractChannelHandlerContext.java:517)
	at io.netty.channel.DefaultChannelPipeline.connect(DefaultChannelPipeline.java:978)
	at io.netty.channel.AbstractChannel.connect(AbstractChannel.java:253)
	at io.netty.bootstrap.Bootstrap$3.run(Bootstrap.java:244)
	at io.netty.util.concurrent.AbstractEventExecutor.safeExecute(AbstractEventExecutor.java:164)
	at io.netty.util.concurrent.SingleThreadEventExecutor.runAllTasks(SingleThreadEventExecutor.java:472)
	at io.netty.channel.nio.NioEventLoop.run(NioEventLoop.java:500)
	at io.netty.util.concurrent.SingleThreadEventExecutor$4.run(SingleThreadEventExecutor.java:989)
	at io.netty.util.internal.ThreadExecutorMap$2.run(ThreadExecutorMap.java:74)
	at io.netty.util.concurrent.FastThreadLocalRunnable.run(FastThreadLocalRunnable.java:30)
	at java.lang.Thread.run(Thread.java:748)
21/02/03 09:18:38 INFO Worker: Retrying connection to master (attempt # 5)
21/02/03 09:18:38 INFO Worker: Connecting to master ST000000035:7077...
21/02/03 09:18:38 INFO TransportClientFactory: Found inactive connection to ST000000035/192.168.11.7:7077, creating a new one.
21/02/03 09:18:38 INFO TransportClientFactory: Successfully created connection to ST000000035/192.168.11.7:7077 after 3 ms (0 ms spent in bootstraps)
21/02/03 09:18:38 INFO Worker: Successfully registered with master spark://ST000000035:7077
21/02/03 09:20:23 ERROR Worker: RECEIVED SIGNAL TERM
21/02/03 09:20:23 INFO ShutdownHookManager: Shutdown hook called
21/02/03 09:20:23 INFO ShutdownHookManager: Deleting directory /private/var/folders/tm/7v5m6cg144g467bsj7zgsxgc0000gn/T/spark-bb1d088e-7d5f-45fd-9fbe-4b1ac68699fe
