Spark Command: /Library/Java/JavaVirtualMachines/adoptopenjdk-8.jdk/Contents/Home/jre/bin/java -cp /Users/kinsho/workspace/spark-3.0.1/conf/:/Users/kinsho/workspace/spark-3.0.1/assembly/target/scala-2.12/jars/* -Xmx1g org.apache.spark.deploy.history.HistoryServer
========================================
Using Spark's default log4j profile: org/apache/spark/log4j-defaults.properties
21/02/02 22:31:59 INFO HistoryServer: Started daemon with process name: 67316@ST000000035
21/02/02 22:31:59 INFO SignalUtils: Registered signal handler for TERM
21/02/02 22:31:59 INFO SignalUtils: Registered signal handler for HUP
21/02/02 22:31:59 INFO SignalUtils: Registered signal handler for INT
21/02/02 22:31:59 WARN NativeCodeLoader: Unable to load native-hadoop library for your platform... using builtin-java classes where applicable
21/02/02 22:31:59 INFO SecurityManager: Changing view acls to: kinsho
21/02/02 22:31:59 INFO SecurityManager: Changing modify acls to: kinsho
21/02/02 22:31:59 INFO SecurityManager: Changing view acls groups to: 
21/02/02 22:31:59 INFO SecurityManager: Changing modify acls groups to: 
21/02/02 22:31:59 INFO SecurityManager: SecurityManager: authentication disabled; ui acls disabled; users  with view permissions: Set(kinsho); groups with view permissions: Set(); users  with modify permissions: Set(kinsho); groups with modify permissions: Set()
21/02/02 22:31:59 INFO FsHistoryProvider: History server ui acls disabled; users with admin permissions: ; groups with admin permissions
21/02/02 22:32:00 INFO Utils: Successfully started service on port 18080.
21/02/02 22:32:00 INFO HistoryServer: Bound HistoryServer to 0.0.0.0, and started at http://192.168.11.7:18080
21/02/02 22:32:00 INFO FsHistoryProvider: Parsing file:/Users/kinsho/workspace/spark-3.0.1/spark-events/app-20210131150725-0034 for listing data...
21/02/02 22:32:00 INFO FsHistoryProvider: Parsing file:/Users/kinsho/workspace/spark-3.0.1/spark-events/app-20210131150252-0033 for listing data...
21/02/02 22:32:00 INFO FsHistoryProvider: Parsing file:/Users/kinsho/workspace/spark-3.0.1/spark-events/app-20210131143845-0032 for listing data...
21/02/02 22:32:00 INFO FsHistoryProvider: Parsing file:/Users/kinsho/workspace/spark-3.0.1/spark-events/local-1612062922160 for listing data...
21/02/02 22:32:00 INFO FsHistoryProvider: Looking for end event; skipping 537064 bytes from file:/Users/kinsho/workspace/spark-3.0.1/spark-events/app-20210131150725-0034...
21/02/02 22:32:00 INFO FsHistoryProvider: Finished parsing file:/Users/kinsho/workspace/spark-3.0.1/spark-events/local-1612062922160
21/02/02 22:32:00 INFO FsHistoryProvider: Parsing file:/Users/kinsho/workspace/spark-3.0.1/spark-events/app-20210131143606-0031 for listing data...
21/02/02 22:32:00 INFO FsHistoryProvider: Finished parsing file:/Users/kinsho/workspace/spark-3.0.1/spark-events/app-20210131150725-0034
21/02/02 22:32:00 INFO FsHistoryProvider: Parsing file:/Users/kinsho/workspace/spark-3.0.1/spark-events/app-20210131134107-0030 for listing data...
21/02/02 22:32:00 INFO FsHistoryProvider: Looking for end event; skipping 666895 bytes from file:/Users/kinsho/workspace/spark-3.0.1/spark-events/app-20210131134107-0030...
21/02/02 22:32:00 INFO FsHistoryProvider: Finished parsing file:/Users/kinsho/workspace/spark-3.0.1/spark-events/app-20210131143606-0031
21/02/02 22:32:00 INFO FsHistoryProvider: Parsing file:/Users/kinsho/workspace/spark-3.0.1/spark-events/app-20210131124043-0029 for listing data...
21/02/02 22:32:00 INFO FsHistoryProvider: Finished parsing file:/Users/kinsho/workspace/spark-3.0.1/spark-events/app-20210131134107-0030
21/02/02 22:32:00 INFO FsHistoryProvider: Parsing file:/Users/kinsho/workspace/spark-3.0.1/spark-events/app-20210131123345-0028 for listing data...
21/02/02 22:32:00 INFO FsHistoryProvider: Looking for end event; skipping 613779 bytes from file:/Users/kinsho/workspace/spark-3.0.1/spark-events/app-20210131124043-0029...
21/02/02 22:32:00 INFO FsHistoryProvider: Finished parsing file:/Users/kinsho/workspace/spark-3.0.1/spark-events/app-20210131124043-0029
21/02/02 22:32:00 INFO FsHistoryProvider: Parsing file:/Users/kinsho/workspace/spark-3.0.1/spark-events/app-20210130185922-0027 for listing data...
21/02/02 22:32:00 INFO FsHistoryProvider: Finished parsing file:/Users/kinsho/workspace/spark-3.0.1/spark-events/app-20210131123345-0028
21/02/02 22:32:00 INFO FsHistoryProvider: Parsing file:/Users/kinsho/workspace/spark-3.0.1/spark-events/app-20210130185830-0026 for listing data...
21/02/02 22:32:00 INFO FsHistoryProvider: Finished parsing file:/Users/kinsho/workspace/spark-3.0.1/spark-events/app-20210131143845-0032
21/02/02 22:32:00 INFO FsHistoryProvider: Parsing file:/Users/kinsho/workspace/spark-3.0.1/spark-events/app-20210130185422-0025 for listing data...
21/02/02 22:32:00 INFO FsHistoryProvider: Finished parsing file:/Users/kinsho/workspace/spark-3.0.1/spark-events/app-20210131150252-0033
21/02/02 22:32:00 INFO FsHistoryProvider: Parsing file:/Users/kinsho/workspace/spark-3.0.1/spark-events/app-20210130184504-0023 for listing data...
21/02/02 22:32:00 INFO FsHistoryProvider: Finished parsing file:/Users/kinsho/workspace/spark-3.0.1/spark-events/app-20210130185922-0027
21/02/02 22:32:00 INFO FsHistoryProvider: Parsing file:/Users/kinsho/workspace/spark-3.0.1/spark-events/app-20210130183947-0022 for listing data...
21/02/02 22:32:00 INFO FsHistoryProvider: Finished parsing file:/Users/kinsho/workspace/spark-3.0.1/spark-events/app-20210130185830-0026
21/02/02 22:32:00 INFO FsHistoryProvider: Parsing file:/Users/kinsho/workspace/spark-3.0.1/spark-events/app-20210130183347-0021 for listing data...
21/02/02 22:32:00 INFO FsHistoryProvider: Finished parsing file:/Users/kinsho/workspace/spark-3.0.1/spark-events/app-20210130185422-0025
21/02/02 22:32:00 INFO FsHistoryProvider: Parsing file:/Users/kinsho/workspace/spark-3.0.1/spark-events/app-20210130182817-0020 for listing data...
21/02/02 22:32:00 INFO FsHistoryProvider: Finished parsing file:/Users/kinsho/workspace/spark-3.0.1/spark-events/app-20210130184504-0023
21/02/02 22:32:00 INFO FsHistoryProvider: Parsing file:/Users/kinsho/workspace/spark-3.0.1/spark-events/app-20210130182624-0019 for listing data...
21/02/02 22:32:00 INFO FsHistoryProvider: Finished parsing file:/Users/kinsho/workspace/spark-3.0.1/spark-events/app-20210130183947-0022
21/02/02 22:32:00 INFO FsHistoryProvider: Finished parsing file:/Users/kinsho/workspace/spark-3.0.1/spark-events/app-20210130183347-0021
21/02/02 22:32:00 INFO FsHistoryProvider: Parsing file:/Users/kinsho/workspace/spark-3.0.1/spark-events/app-20210130181805-0018 for listing data...
21/02/02 22:32:00 INFO FsHistoryProvider: Parsing file:/Users/kinsho/workspace/spark-3.0.1/spark-events/app-20210130180800-0017 for listing data...
21/02/02 22:32:00 INFO FsHistoryProvider: Looking for end event; skipping 251104 bytes from file:/Users/kinsho/workspace/spark-3.0.1/spark-events/app-20210130182817-0020...
21/02/02 22:32:00 INFO FsHistoryProvider: Finished parsing file:/Users/kinsho/workspace/spark-3.0.1/spark-events/app-20210130180800-0017
21/02/02 22:32:00 INFO FsHistoryProvider: Parsing file:/Users/kinsho/workspace/spark-3.0.1/spark-events/local-1611987963588 for listing data...
21/02/02 22:32:00 INFO FsHistoryProvider: Finished parsing file:/Users/kinsho/workspace/spark-3.0.1/spark-events/app-20210130182624-0019
21/02/02 22:32:00 INFO FsHistoryProvider: Finished parsing file:/Users/kinsho/workspace/spark-3.0.1/spark-events/app-20210130182817-0020
21/02/02 22:32:00 INFO FsHistoryProvider: Parsing file:/Users/kinsho/workspace/spark-3.0.1/spark-events/app-20210130170556-0016 for listing data...
21/02/02 22:32:00 INFO FsHistoryProvider: Parsing file:/Users/kinsho/workspace/spark-3.0.1/spark-events/app-20210130165224-0015 for listing data...
21/02/02 22:32:00 INFO FsHistoryProvider: Finished parsing file:/Users/kinsho/workspace/spark-3.0.1/spark-events/app-20210130181805-0018
21/02/02 22:32:00 INFO FsHistoryProvider: Parsing file:/Users/kinsho/workspace/spark-3.0.1/spark-events/app-20210130163235-0014 for listing data...
21/02/02 22:32:00 INFO FsHistoryProvider: Finished parsing file:/Users/kinsho/workspace/spark-3.0.1/spark-events/local-1611987963588
21/02/02 22:32:00 INFO FsHistoryProvider: Parsing file:/Users/kinsho/workspace/spark-3.0.1/spark-events/app-20210130162946-0013 for listing data...
21/02/02 22:32:00 INFO FsHistoryProvider: Finished parsing file:/Users/kinsho/workspace/spark-3.0.1/spark-events/app-20210130165224-0015
21/02/02 22:32:00 INFO FsHistoryProvider: Finished parsing file:/Users/kinsho/workspace/spark-3.0.1/spark-events/app-20210130163235-0014
21/02/02 22:32:00 INFO FsHistoryProvider: Parsing file:/Users/kinsho/workspace/spark-3.0.1/spark-events/app-20210130162656-0012 for listing data...
21/02/02 22:32:00 INFO FsHistoryProvider: Parsing file:/Users/kinsho/workspace/spark-3.0.1/spark-events/app-20210130162412-0011 for listing data...
21/02/02 22:32:00 INFO FsHistoryProvider: Finished parsing file:/Users/kinsho/workspace/spark-3.0.1/spark-events/app-20210130170556-0016
21/02/02 22:32:00 INFO FsHistoryProvider: Parsing file:/Users/kinsho/workspace/spark-3.0.1/spark-events/app-20210130161627-0010 for listing data...
21/02/02 22:32:00 INFO FsHistoryProvider: Finished parsing file:/Users/kinsho/workspace/spark-3.0.1/spark-events/app-20210130162946-0013
21/02/02 22:32:00 INFO FsHistoryProvider: Parsing file:/Users/kinsho/workspace/spark-3.0.1/spark-events/app-20210130161456-0009 for listing data...
21/02/02 22:32:00 INFO FsHistoryProvider: Finished parsing file:/Users/kinsho/workspace/spark-3.0.1/spark-events/app-20210130162412-0011
21/02/02 22:32:00 INFO FsHistoryProvider: Finished parsing file:/Users/kinsho/workspace/spark-3.0.1/spark-events/app-20210130162656-0012
21/02/02 22:32:00 INFO FsHistoryProvider: Parsing file:/Users/kinsho/workspace/spark-3.0.1/spark-events/app-20210130154756-0007 for listing data...
21/02/02 22:32:00 INFO FsHistoryProvider: Parsing file:/Users/kinsho/workspace/spark-3.0.1/spark-events/app-20210130160930-0008 for listing data...
21/02/02 22:32:00 INFO FsHistoryProvider: Finished parsing file:/Users/kinsho/workspace/spark-3.0.1/spark-events/app-20210130161456-0009
21/02/02 22:32:00 INFO FsHistoryProvider: Finished parsing file:/Users/kinsho/workspace/spark-3.0.1/spark-events/app-20210130161627-0010
21/02/02 22:32:00 INFO FsHistoryProvider: Parsing file:/Users/kinsho/workspace/spark-3.0.1/spark-events/app-20210130154604-0006 for listing data...
21/02/02 22:32:00 INFO FsHistoryProvider: Parsing file:/Users/kinsho/workspace/spark-3.0.1/spark-events/app-20210130153845-0005 for listing data...
21/02/02 22:32:00 INFO FsHistoryProvider: Finished parsing file:/Users/kinsho/workspace/spark-3.0.1/spark-events/app-20210130160930-0008
21/02/02 22:32:00 INFO FsHistoryProvider: Finished parsing file:/Users/kinsho/workspace/spark-3.0.1/spark-events/app-20210130154756-0007
21/02/02 22:32:00 INFO FsHistoryProvider: Parsing file:/Users/kinsho/workspace/spark-3.0.1/spark-events/app-20210130153717-0004 for listing data...
21/02/02 22:32:00 INFO FsHistoryProvider: Parsing file:/Users/kinsho/workspace/spark-3.0.1/spark-events/app-20210130153445-0003 for listing data...
21/02/02 22:32:00 INFO FsHistoryProvider: Finished parsing file:/Users/kinsho/workspace/spark-3.0.1/spark-events/app-20210130154604-0006
21/02/02 22:32:00 INFO FsHistoryProvider: Finished parsing file:/Users/kinsho/workspace/spark-3.0.1/spark-events/app-20210130153845-0005
21/02/02 22:32:00 INFO FsHistoryProvider: Parsing file:/Users/kinsho/workspace/spark-3.0.1/spark-events/app-20210130152807-0002 for listing data...
21/02/02 22:32:00 INFO FsHistoryProvider: Parsing file:/Users/kinsho/workspace/spark-3.0.1/spark-events/local-1611980861124 for listing data...
21/02/02 22:32:00 INFO FsHistoryProvider: Finished parsing file:/Users/kinsho/workspace/spark-3.0.1/spark-events/app-20210130153717-0004
21/02/02 22:32:00 INFO FsHistoryProvider: Finished parsing file:/Users/kinsho/workspace/spark-3.0.1/spark-events/app-20210130153445-0003
21/02/02 22:32:00 INFO FsHistoryProvider: Parsing file:/Users/kinsho/workspace/spark-3.0.1/spark-events/local-1611978411821 for listing data...
21/02/02 22:32:00 INFO FsHistoryProvider: Parsing file:/Users/kinsho/workspace/spark-3.0.1/spark-events/app-20210130150101-0001 for listing data...
21/02/02 22:32:00 INFO FsHistoryProvider: Finished parsing file:/Users/kinsho/workspace/spark-3.0.1/spark-events/app-20210130152807-0002
21/02/02 22:32:00 INFO FsHistoryProvider: Parsing file:/Users/kinsho/workspace/spark-3.0.1/spark-events/local-1611978065868 for listing data...
21/02/02 22:32:00 INFO FsHistoryProvider: Finished parsing file:/Users/kinsho/workspace/spark-3.0.1/spark-events/local-1611980861124
21/02/02 22:32:00 INFO FsHistoryProvider: Finished parsing file:/Users/kinsho/workspace/spark-3.0.1/spark-events/local-1611978411821
21/02/02 22:32:00 INFO FsHistoryProvider: Parsing file:/Users/kinsho/workspace/spark-3.0.1/spark-events/local-1611977702420 for listing data...
21/02/02 22:32:00 INFO FsHistoryProvider: Finished parsing file:/Users/kinsho/workspace/spark-3.0.1/spark-events/app-20210130150101-0001
21/02/02 22:32:00 INFO FsHistoryProvider: Parsing file:/Users/kinsho/workspace/spark-3.0.1/spark-events/local-1611977053237 for listing data...
21/02/02 22:32:00 INFO FsHistoryProvider: Parsing file:/Users/kinsho/workspace/spark-3.0.1/spark-events/app-20210130122249-0000 for listing data...
21/02/02 22:32:00 INFO FsHistoryProvider: Finished parsing file:/Users/kinsho/workspace/spark-3.0.1/spark-events/local-1611978065868
21/02/02 22:32:00 INFO FsHistoryProvider: Parsing file:/Users/kinsho/workspace/spark-3.0.1/spark-events/app-20210129015155-0000 for listing data...
21/02/02 22:32:00 INFO FsHistoryProvider: Finished parsing file:/Users/kinsho/workspace/spark-3.0.1/spark-events/local-1611977702420
21/02/02 22:32:00 INFO FsHistoryProvider: Finished parsing file:/Users/kinsho/workspace/spark-3.0.1/spark-events/local-1611977053237
21/02/02 22:32:00 INFO FsHistoryProvider: Finished parsing file:/Users/kinsho/workspace/spark-3.0.1/spark-events/app-20210130122249-0000
21/02/02 22:32:00 INFO FsHistoryProvider: Finished parsing file:/Users/kinsho/workspace/spark-3.0.1/spark-events/app-20210129015155-0000
21/02/02 22:40:50 INFO FsHistoryProvider: Parsing file:/Users/kinsho/workspace/spark-3.0.1/spark-events/local-1612273248372.inprogress for listing data...
21/02/02 22:40:50 INFO FsHistoryProvider: Finished parsing file:/Users/kinsho/workspace/spark-3.0.1/spark-events/local-1612273248372.inprogress
21/02/02 22:54:11 INFO FsHistoryProvider: Parsing file:/Users/kinsho/workspace/spark-3.0.1/spark-events/local-1612273248372 for listing data...
21/02/02 22:54:11 INFO FsHistoryProvider: Looking for end event; skipping 262258 bytes from file:/Users/kinsho/workspace/spark-3.0.1/spark-events/local-1612273248372...
21/02/02 22:54:11 INFO FsHistoryProvider: Finished parsing file:/Users/kinsho/workspace/spark-3.0.1/spark-events/local-1612273248372
21/02/02 22:54:21 INFO FsHistoryProvider: Parsing file:/Users/kinsho/workspace/spark-3.0.1/spark-events/local-1612274054105.inprogress for listing data...
21/02/02 22:54:21 INFO FsHistoryProvider: Finished parsing file:/Users/kinsho/workspace/spark-3.0.1/spark-events/local-1612274054105.inprogress
21/02/03 00:00:04 INFO FsHistoryProvider: Parsing file:/Users/kinsho/workspace/spark-3.0.1/spark-events/local-1612274054105 for listing data...
21/02/03 00:00:04 INFO FsHistoryProvider: Looking for end event; skipping 8409872 bytes from file:/Users/kinsho/workspace/spark-3.0.1/spark-events/local-1612274054105...
21/02/03 00:00:04 INFO FsHistoryProvider: Finished parsing file:/Users/kinsho/workspace/spark-3.0.1/spark-events/local-1612274054105
21/02/03 00:00:24 INFO FsHistoryProvider: Parsing file:/Users/kinsho/workspace/spark-3.0.1/spark-events/local-1612278013613.inprogress for listing data...
21/02/03 00:00:24 INFO FsHistoryProvider: Finished parsing file:/Users/kinsho/workspace/spark-3.0.1/spark-events/local-1612278013613.inprogress
21/02/03 01:02:47 INFO FsHistoryProvider: Parsing file:/Users/kinsho/workspace/spark-3.0.1/spark-events/app-20210203010237-0000.inprogress for listing data...
21/02/03 01:02:47 INFO FsHistoryProvider: Finished parsing file:/Users/kinsho/workspace/spark-3.0.1/spark-events/app-20210203010237-0000.inprogress
21/02/03 01:04:27 INFO FsHistoryProvider: Parsing file:/Users/kinsho/workspace/spark-3.0.1/spark-events/app-20210203010237-0000 for listing data...
21/02/03 01:04:27 INFO FsHistoryProvider: Looking for end event; skipping 882380 bytes from file:/Users/kinsho/workspace/spark-3.0.1/spark-events/app-20210203010237-0000...
21/02/03 01:04:27 INFO FsHistoryProvider: Finished parsing file:/Users/kinsho/workspace/spark-3.0.1/spark-events/app-20210203010237-0000
21/02/03 01:27:09 INFO SecurityManager: Changing view acls to: kinsho
21/02/03 01:27:09 INFO SecurityManager: Changing modify acls to: kinsho
21/02/03 01:27:09 INFO SecurityManager: Changing view acls groups to: 
21/02/03 01:27:09 INFO SecurityManager: Changing modify acls groups to: 
21/02/03 01:27:09 INFO SecurityManager: SecurityManager: authentication disabled; ui acls disabled; users  with view permissions: Set(kinsho); groups with view permissions: Set(); users  with modify permissions: Set(kinsho); groups with modify permissions: Set()
21/02/03 01:27:09 INFO SecurityManager: Changing acls enabled to: false
21/02/03 01:27:09 INFO SecurityManager: Changing admin acls to: 
21/02/03 01:27:09 INFO SecurityManager: Changing view acls to: kinsho
21/02/03 01:27:09 INFO SecurityManager: Changing admin acls groups to: 
21/02/03 01:27:09 INFO SecurityManager: Changing view acls groups to: 
21/02/03 01:27:09 INFO FsHistoryProvider: Parsing spark-events/app-20210131150725-0034 to re-build UI...
21/02/03 01:27:10 INFO FsHistoryProvider: Finished parsing spark-events/app-20210131150725-0034
21/02/03 01:27:16 INFO SecurityManager: Changing view acls to: kinsho
21/02/03 01:27:16 INFO SecurityManager: Changing modify acls to: kinsho
21/02/03 01:27:16 INFO SecurityManager: Changing view acls groups to: 
21/02/03 01:27:16 INFO SecurityManager: Changing modify acls groups to: 
21/02/03 01:27:16 INFO SecurityManager: SecurityManager: authentication disabled; ui acls disabled; users  with view permissions: Set(kinsho); groups with view permissions: Set(); users  with modify permissions: Set(kinsho); groups with modify permissions: Set()
21/02/03 01:27:16 INFO SecurityManager: Changing acls enabled to: false
21/02/03 01:27:16 INFO SecurityManager: Changing admin acls to: 
21/02/03 01:27:16 INFO SecurityManager: Changing view acls to: kinsho
21/02/03 01:27:16 INFO SecurityManager: Changing admin acls groups to: 
21/02/03 01:27:16 INFO SecurityManager: Changing view acls groups to: 
21/02/03 01:27:16 INFO FsHistoryProvider: Parsing spark-events/app-20210203010237-0000 to re-build UI...
21/02/03 01:27:16 INFO FsHistoryProvider: Finished parsing spark-events/app-20210203010237-0000
21/02/03 01:31:18 INFO FsHistoryProvider: Parsing file:/Users/kinsho/workspace/spark-3.0.1/spark-events/app-20210203013109-0001.inprogress for listing data...
21/02/03 01:31:18 INFO FsHistoryProvider: Finished parsing file:/Users/kinsho/workspace/spark-3.0.1/spark-events/app-20210203013109-0001.inprogress
21/02/03 01:32:39 INFO FsHistoryProvider: Parsing file:/Users/kinsho/workspace/spark-3.0.1/spark-events/app-20210203013109-0001 for listing data...
21/02/03 01:32:39 INFO FsHistoryProvider: Looking for end event; skipping 824619 bytes from file:/Users/kinsho/workspace/spark-3.0.1/spark-events/app-20210203013109-0001...
21/02/03 01:32:39 INFO FsHistoryProvider: Finished parsing file:/Users/kinsho/workspace/spark-3.0.1/spark-events/app-20210203013109-0001
21/02/03 01:32:49 INFO SecurityManager: Changing view acls to: kinsho
21/02/03 01:32:49 INFO SecurityManager: Changing modify acls to: kinsho
21/02/03 01:32:49 INFO SecurityManager: Changing view acls groups to: 
21/02/03 01:32:49 INFO SecurityManager: Changing modify acls groups to: 
21/02/03 01:32:49 INFO SecurityManager: SecurityManager: authentication disabled; ui acls disabled; users  with view permissions: Set(kinsho); groups with view permissions: Set(); users  with modify permissions: Set(kinsho); groups with modify permissions: Set()
21/02/03 01:32:49 INFO SecurityManager: Changing acls enabled to: false
21/02/03 01:32:49 INFO SecurityManager: Changing admin acls to: 
21/02/03 01:32:49 INFO SecurityManager: Changing view acls to: kinsho
21/02/03 01:32:49 INFO SecurityManager: Changing admin acls groups to: 
21/02/03 01:32:49 INFO SecurityManager: Changing view acls groups to: 
21/02/03 01:32:49 INFO FsHistoryProvider: Parsing spark-events/app-20210203013109-0001 to re-build UI...
21/02/03 01:32:49 INFO FsHistoryProvider: Finished parsing spark-events/app-20210203013109-0001
21/02/03 09:20:18 INFO FsHistoryProvider: Parsing file:/Users/kinsho/workspace/spark-3.0.1/spark-events/local-1612278013613 for listing data...
21/02/03 09:20:18 INFO FsHistoryProvider: Looking for end event; skipping 39801160 bytes from file:/Users/kinsho/workspace/spark-3.0.1/spark-events/local-1612278013613...
21/02/03 09:20:18 INFO FsHistoryProvider: Finished parsing file:/Users/kinsho/workspace/spark-3.0.1/spark-events/local-1612278013613
21/02/03 09:20:30 ERROR HistoryServer: RECEIVED SIGNAL TERM
21/02/03 09:20:30 INFO ShutdownHookManager: Shutdown hook called
